<?xml version="1.0" encoding="UTF-8"?>
<testng-results skipped="0" failed="0" total="1" passed="1">
  <reporter-output>
  </reporter-output>
  <suite name="Default suite" duration-ms="79" started-at="2020-01-07T07:06:03Z" finished-at="2020-01-07T07:06:03Z">
    <groups>
    </groups>
    <test name="Default test" duration-ms="79" started-at="2020-01-07T07:06:03Z" finished-at="2020-01-07T07:06:03Z">
      <class name="com.macys.ui.Base.BaseEngine">
        <test-method status="PASS" signature="openBrowser()[pri:0, instance:com.macys.ui.Base.BaseEngine@4667ae56]" name="openBrowser" duration-ms="33" started-at="2020-01-07T12:36:03Z" finished-at="2020-01-07T12:36:03Z">
          <reporter-output>
          </reporter-output>
        </test-method> <!-- openBrowser -->
      </class> <!-- com.macys.ui.Base.BaseEngine -->
    </test> <!-- Default test -->
  </suite> <!-- Default suite -->
</testng-results>
